h:\3、所需软件\ctp行情接口demo\client\client\x64\debug\vc142.pdb
h:\3、所需软件\ctp行情接口demo\client\client\x64\debug\vc142.idb
h:\3、所需软件\ctp行情接口demo\client\client\x64\debug\mduserhandler.obj
h:\3、所需软件\ctp行情接口demo\client\client\x64\debug\applyrecord.obj
h:\3、所需软件\ctp行情接口demo\client\client\x64\debug\client.ilk
h:\3、所需软件\ctp行情接口demo\client\x64\debug\client.exe
h:\3、所需软件\ctp行情接口demo\client\x64\debug\client.pdb
d:\作业\生产实习\项目一期货云端预警系统\项目一期货云端预警系统\云端预警接口\ctp行情接口demo\client\client\x64\debug\applyrecord.obj
d:\作业\生产实习\项目一期货云端预警系统\项目一期货云端预警系统\云端预警接口\ctp行情接口demo\client\client\x64\debug\mduserhandler.obj
d:\作业\生产实习\项目一期货云端预警系统\项目一期货云端预警系统\云端预警接口\ctp行情接口demo\client\client\x64\debug\client.ilk
d:\作业\生产实习\项目一期货云端预警系统\项目一期货云端预警系统\云端预警接口\ctp行情接口demo\client\client\x64\debug\vc142.idb
d:\作业\生产实习\项目一期货云端预警系统\项目一期货云端预警系统\云端预警接口\ctp行情接口demo\client\client\x64\debug\vc142.pdb
d:\作业\生产实习\项目一期货云端预警系统\项目一期货云端预警系统\云端预警接口\ctp行情接口demo\client\x64\debug\client.pdb
d:\作业\生产实习\项目一期货云端预警系统\项目一期货云端预警系统\云端预警接口\ctp行情接口demo\client\x64\debug\client.exe
d:\作业\生产实习\项目一期货云端预警系统\项目一期货云端预警系统\云端预警接口\ctp行情接口demo\client\client\x64\debug\client.tlog\cl.command.1.tlog
d:\作业\生产实习\项目一期货云端预警系统\项目一期货云端预警系统\云端预警接口\ctp行情接口demo\client\client\x64\debug\client.tlog\cl.read.1.tlog
d:\作业\生产实习\项目一期货云端预警系统\项目一期货云端预警系统\云端预警接口\ctp行情接口demo\client\client\x64\debug\client.tlog\cl.write.1.tlog
d:\作业\生产实习\项目一期货云端预警系统\项目一期货云端预警系统\云端预警接口\ctp行情接口demo\client\client\x64\debug\client.tlog\link.command.1.tlog
d:\作业\生产实习\项目一期货云端预警系统\项目一期货云端预警系统\云端预警接口\ctp行情接口demo\client\client\x64\debug\client.tlog\link.read.1.tlog
d:\作业\生产实习\项目一期货云端预警系统\项目一期货云端预警系统\云端预警接口\ctp行情接口demo\client\client\x64\debug\client.tlog\link.write.1.tlog
